<?xml version="1.0" encoding="UTF-8"?>
<!-- Generated by org.testng.reporters.JUnitXMLReporter -->
<testsuite ignored="2" hostname="LAPTOP-E8RN4L5O" failures="1" tests="1" name="test1" time="10.944" errors="0" timestamp="2022-09-11T20:03:43 EDT">
  <testcase classname="Day1.selenium_helloTestNG" name="ImageSearch" time="3.548">
    <failure type="java.lang.Exception" message="Test Exception">
      <![CDATA[java.lang.Exception: Test Exception
at Day1.selenium_helloTestNG.ImageSearch(selenium_helloTestNG.java:65)
at java.base/java.util.ArrayList.forEach(ArrayList.java:1511)
... Removed 27 stack frames]]>
    </failure>
  </testcase> <!-- ImageSearch -->
  <testcase classname="Day1.selenium_helloTestNG" name="TextSearch" time="0.0">
    <ignored/>
  </testcase> <!-- TextSearch -->
  <testcase classname="Day1.selenium_helloTestNG" name="FailMethod" time="0.0">
    <ignored/>
  </testcase> <!-- FailMethod -->
</testsuite> <!-- test1 -->
